C51 COMPILER V9.60.0.0   RELAY                                                             07/30/2019 17:26:02 PAGE 1   


C51 COMPILER V9.60.0.0, COMPILATION OF MODULE RELAY
OBJECT MODULE PLACED IN RELAY.OBJ
COMPILER INVOKED BY: C:\Keil_v5\C51\BIN\C51.EXE RELAY.C OPTIMIZE(8,SPEED) BROWSE DEBUG OBJECTEXTEND PRINT(.\Listings\REL
                    -AY.lst) TABS(2)

line level    source

   1          #include<reg51.h>
   2          
   3          void delay(unsigned int);
   4          sbit relay=P1^0;
   5          
   6          void main(void)
   7          {
   8   1        while(1)
   9   1        {
  10   2        relay=1;
  11   2          delay(300);
  12   2        relay=0;
  13   2          delay(300);
  14   2      }
  15   1      }
  16           void delay(unsigned int t)
  17          {
  18   1        unsigned int i,j;
  19   1        for(i=0;i<t;i++)
  20   1          for(j=0;j<1275;j++);
  21   1      }


MODULE INFORMATION:   STATIC OVERLAYABLE
   CODE SIZE        =     52    ----
   CONSTANT SIZE    =   ----    ----
   XDATA SIZE       =   ----    ----
   PDATA SIZE       =   ----    ----
   DATA SIZE        =   ----    ----
   IDATA SIZE       =   ----    ----
   BIT SIZE         =   ----    ----
END OF MODULE INFORMATION.


C51 COMPILATION COMPLETE.  0 WARNING(S),  0 ERROR(S)
